c:\dev\anns\cppv2\exercise files\05_08\sdrnn_7to7\builds\visualstudio2019\x64\debug\app\main.obj
c:\dev\anns\cppv2\exercise files\05_08\sdrnn_7to7\builds\visualstudio2019\x64\debug\app\include_juce_gui_basics.obj
c:\dev\anns\cppv2\exercise files\05_08\sdrnn_7to7\builds\visualstudio2019\x64\debug\app\include_juce_events.obj
c:\dev\anns\cppv2\exercise files\05_08\sdrnn_7to7\builds\visualstudio2019\x64\debug\app\include_juce_data_structures.obj
c:\dev\anns\cppv2\exercise files\05_08\sdrnn_7to7\builds\visualstudio2019\x64\debug\app\mlp.obj
c:\dev\anns\cppv2\exercise files\05_08\sdrnn_7to7\builds\visualstudio2019\x64\debug\app\include_juce_graphics.obj
c:\dev\anns\cppv2\exercise files\05_08\sdrnn_7to7\builds\visualstudio2019\x64\debug\app\include_juce_core.obj
c:\dev\anns\cppv2\exercise files\05_08\sdrnn_7to7\builds\visualstudio2019\x64\debug\app\vc142.pdb
c:\dev\anns\cppv2\exercise files\05_06\gui_demo\sdrnn_7to7\builds\visualstudio2019\x64\debug\app\include_juce_graphics.obj
c:\dev\anns\cppv2\exercise files\05_06\gui_demo\sdrnn_7to7\builds\visualstudio2019\x64\debug\app\include_juce_data_structures.obj
c:\dev\anns\cppv2\exercise files\05_06\gui_demo\sdrnn_7to7\builds\visualstudio2019\x64\debug\app\include_juce_events.obj
c:\dev\anns\cppv2\exercise files\05_06\gui_demo\sdrnn_7to7\builds\visualstudio2019\x64\debug\app\include_juce_core.obj
c:\dev\anns\cppv2\exercise files\05_06\gui_demo\sdrnn_7to7\builds\visualstudio2019\x64\debug\app\main.obj
c:\dev\anns\cppv2\exercise files\05_06\gui_demo\sdrnn_7to7\builds\visualstudio2019\x64\debug\app\include_juce_gui_basics.obj
c:\dev\anns\cppv2\exercise files\05_06\gui_demo\sdrnn_7to7\builds\visualstudio2019\x64\debug\app\mlp.obj
c:\dev\anns\cppv2\exercise files\05_06\gui_demo\sdrnn_7to7\builds\visualstudio2019\x64\debug\app\vc142.pdb
c:\dev\anns\cppv2\exercise files\05_08\sdrnn_7to7\builds\visualstudio2019\x64\debug\app\sdrnn_7to7.ilk
c:\dev\anns\cppv2\exercise files\05_08\sdrnn_7to7\builds\visualstudio2019\x64\debug\app\sdrnn_7to7.exe
c:\dev\anns\cppv2\exercise files\05_08\sdrnn_7to7\builds\visualstudio2019\x64\debug\app\sdrnn_7to7.pdb
c:\dev\anns\cppv2\exercise files\05_06\gui_demo\sdrnn_7to7\builds\visualstudio2019\x64\debug\app\sdrnn_7to7.exe
c:\dev\anns\cppv2\exercise files\05_06\gui_demo\sdrnn_7to7\builds\visualstudio2019\x64\debug\app\sdrnn_7to7.ilk
c:\dev\anns\cppv2\exercise files\05_06\gui_demo\sdrnn_7to7\builds\visualstudio2019\x64\debug\app\sdrnn_7to7.pdb
c:\dev\anns\cppv2\exercise files\05_08\sdrnn_7to7\builds\visualstudio2019\x64\debug\app\resources.res
c:\dev\anns\cppv2\exercise files\05_06\gui_demo\sdrnn_7to7\builds\visualstudio2019\x64\debug\app\resources.res
c:\dev\anns\cppv2\exercise files\05_06\gui_demo\sdrnn_7to7\builds\visualstudio2019\x64\debug\app\sdrnn_7to7_app.tlog\cl.13136.write.1.tlog
c:\dev\anns\cppv2\exercise files\05_06\gui_demo\sdrnn_7to7\builds\visualstudio2019\x64\debug\app\sdrnn_7to7_app.tlog\cl.command.1.tlog
c:\dev\anns\cppv2\exercise files\05_06\gui_demo\sdrnn_7to7\builds\visualstudio2019\x64\debug\app\sdrnn_7to7_app.tlog\cl.read.1.tlog
c:\dev\anns\cppv2\exercise files\05_06\gui_demo\sdrnn_7to7\builds\visualstudio2019\x64\debug\app\sdrnn_7to7_app.tlog\link.command.1.tlog
c:\dev\anns\cppv2\exercise files\05_06\gui_demo\sdrnn_7to7\builds\visualstudio2019\x64\debug\app\sdrnn_7to7_app.tlog\link.read.1.tlog
c:\dev\anns\cppv2\exercise files\05_06\gui_demo\sdrnn_7to7\builds\visualstudio2019\x64\debug\app\sdrnn_7to7_app.tlog\link.write.1.tlog
c:\dev\anns\cppv2\exercise files\05_06\gui_demo\sdrnn_7to7\builds\visualstudio2019\x64\debug\app\sdrnn_7to7_app.tlog\rc.command.1.tlog
c:\dev\anns\cppv2\exercise files\05_06\gui_demo\sdrnn_7to7\builds\visualstudio2019\x64\debug\app\sdrnn_7to7_app.tlog\rc.read.1.tlog
c:\dev\anns\cppv2\exercise files\05_06\gui_demo\sdrnn_7to7\builds\visualstudio2019\x64\debug\app\sdrnn_7to7_app.tlog\rc.write.1.tlog
